e:\programming projects\boxgames\boxgames\debug\vcpkg.applocal.log
e:\programming projects\boxgames\debug\libfltk_sharedd.dll
e:\programming projects\boxgames\debug\libfltk_images_sharedd.dll
e:\programming projects\boxgames\debug\jpeg62.dll
e:\programming projects\boxgames\debug\libpng16d.dll
e:\programming projects\boxgames\debug\zlibd1.dll
e:\programming projects\boxgames\boxgames\debug\vc141.pdb
e:\programming projects\boxgames\boxgames\debug\vc141.idb
e:\programming projects\boxgames\boxgames\debug\game_window.obj
e:\programming projects\boxgames\boxgames\debug\calculator.obj
e:\programming projects\boxgames\boxgames\debug\window.obj
e:\programming projects\boxgames\boxgames\debug\gamemap.obj
e:\programming projects\boxgames\boxgames\debug\box_main.obj
e:\programming projects\boxgames\boxgames\debug\graph.obj
e:\programming projects\boxgames\boxgames\debug\gui.obj
e:\programming projects\boxgames\boxgames\debug\create mode.obj
e:\programming projects\boxgames\debug\boxgames.ilk
e:\programming projects\boxgames\debug\boxgames.exe
e:\programming projects\boxgames\debug\boxgames.pdb
e:\programming projects\boxgames\boxgames\debug\boxgames.tlog\boxgames.write.1u.tlog
e:\programming projects\boxgames\boxgames\debug\boxgames.tlog\cl.command.1.tlog
e:\programming projects\boxgames\boxgames\debug\boxgames.tlog\cl.read.1.tlog
e:\programming projects\boxgames\boxgames\debug\boxgames.tlog\cl.write.1.tlog
e:\programming projects\boxgames\boxgames\debug\boxgames.tlog\link.command.1.tlog
e:\programming projects\boxgames\boxgames\debug\boxgames.tlog\link.read.1.tlog
e:\programming projects\boxgames\boxgames\debug\boxgames.tlog\link.write.1.tlog
